2025-05-05 02:00:28,815 - __main__ - INFO - Starting encryption pipeline
2025-05-05 02:00:29,331 - __main__ - INFO - Connected to GPS on /dev/serial0
2025-05-05 02:00:30,450 - __main__ - INFO - Image successfully saved at: secure_image.png
2025-05-05 02:00:30,452 - __main__ - INFO - Starting decryption pipeline
2025-05-05 02:00:30,605 - __main__ - INFO - 
Decryption Results:
2025-05-05 02:00:30,605 - __main__ - INFO - Position Data: {'latitude': 0.0, 'longitude': 0.0, 'timestamp': '2025-05-04T20:30:30.287216'}
2025-05-05 02:00:30,606 - __main__ - INFO - Signature Valid: True
2025-05-05 02:00:30,607 - __main__ - INFO - Decryption Time: 0.1513 seconds
2025-05-05 02:00:30,607 - __main__ - INFO - Total Processing Time: 0.1519 seconds
2025-05-05 02:00:31,426 - __main__ - WARNING - ThingSpeak update failed. Response: 0
2025-05-05 02:01:34,604 - __main__ - INFO - Starting encryption pipeline
2025-05-05 02:01:35,344 - __main__ - INFO - Connected to GPS on /dev/serial0
2025-05-05 02:01:36,456 - __main__ - INFO - Image successfully saved at: secure_image.png
2025-05-05 02:01:36,458 - __main__ - INFO - Starting decryption pipeline
2025-05-05 02:01:36,603 - __main__ - INFO - 
Decryption Results:
2025-05-05 02:01:36,604 - __main__ - INFO - Position Data: {'latitude': 0.0, 'longitude': 0.0, 'timestamp': '2025-05-04T20:31:36.284686'}
2025-05-05 02:01:36,605 - __main__ - INFO - Signature Valid: True
2025-05-05 02:01:36,606 - __main__ - INFO - Decryption Time: 0.1447 seconds
2025-05-05 02:01:36,606 - __main__ - INFO - Total Processing Time: 0.1455 seconds
2025-05-05 02:01:37,354 - __main__ - INFO - ThingSpeak update successful. Entry ID: 1
2025-05-05 02:03:04,762 - __main__ - INFO - Starting encryption pipeline
2025-05-05 02:03:05,170 - __main__ - INFO - Connected to GPS on /dev/serial0
2025-05-05 02:03:06,455 - __main__ - INFO - Image successfully saved at: secure_image.png
2025-05-05 02:03:06,458 - __main__ - INFO - Starting decryption pipeline
2025-05-05 02:03:06,611 - __main__ - INFO - 
Decryption Results:
2025-05-05 02:03:06,613 - __main__ - INFO - Position Data: {'latitude': 0.0, 'longitude': 0.0, 'timestamp': '2025-05-04T20:33:06.286846'}
2025-05-05 02:03:06,613 - __main__ - INFO - Signature Valid: True
2025-05-05 02:03:06,614 - __main__ - INFO - Decryption Time: 0.1518 seconds
2025-05-05 02:03:06,615 - __main__ - INFO - Total Processing Time: 0.1525 seconds
2025-05-05 02:03:07,352 - __main__ - INFO - ThingSpeak update successful. Entry ID: 2
2025-05-05 02:06:04,480 - __main__ - INFO - Starting encryption pipeline
2025-05-05 02:06:05,043 - __main__ - INFO - Connected to GPS on /dev/serial0
2025-05-05 02:06:06,583 - __main__ - INFO - Image successfully saved at: secure_image.png
2025-05-05 02:06:06,586 - __main__ - INFO - Starting decryption pipeline
2025-05-05 02:06:06,876 - __main__ - INFO - 
Decryption Results:
2025-05-05 02:06:06,878 - __main__ - INFO - Position Data: {'latitude': 0.0, 'longitude': 0.0, 'timestamp': '2025-05-04T20:36:06.288969'}
2025-05-05 02:06:06,878 - __main__ - INFO - Signature Valid: True
2025-05-05 02:06:06,879 - __main__ - INFO - Decryption Time: 0.2883 seconds
2025-05-05 02:06:06,880 - __main__ - INFO - Total Processing Time: 0.2908 seconds
2025-05-05 02:06:12,662 - __main__ - INFO - ThingSpeak update successful. Entry ID: 3
2025-05-08 15:43:32,366 - __main__ - INFO - Starting encryption pipeline
2025-05-08 15:43:32,749 - __main__ - INFO - Connected to GPS on /dev/serial0
2025-05-08 15:43:33,444 - __main__ - INFO - Image successfully saved at: secure_image.png
2025-05-08 15:43:33,444 - __main__ - INFO - Starting decryption pipeline
2025-05-08 15:43:33,582 - __main__ - INFO - 
Decryption Results:
2025-05-08 15:43:33,583 - __main__ - INFO - Position Data: {'latitude': 0.0, 'longitude': 0.0, 'timestamp': '2025-05-08T10:13:33.168717'}
2025-05-08 15:43:33,583 - __main__ - INFO - Signature Valid: True
2025-05-08 15:43:33,583 - __main__ - INFO - Decryption Time: 0.1374 seconds
2025-05-08 15:43:33,583 - __main__ - INFO - Total Processing Time: 0.1380 seconds
2025-05-08 15:43:35,156 - __main__ - INFO - ThingSpeak update successful. Entry ID: 4
2025-05-08 15:44:08,231 - __main__ - INFO - Starting encryption pipeline
2025-05-08 15:44:08,937 - __main__ - INFO - Connected to GPS on /dev/serial0
2025-05-08 15:44:09,420 - __main__ - INFO - Image successfully saved at: secure_image.png
2025-05-08 15:44:09,420 - __main__ - INFO - Starting decryption pipeline
2025-05-08 15:44:09,545 - __main__ - ERROR - Extraction failed: No valid base64 payload found
2025-05-08 15:44:09,553 - __main__ - ERROR - Decryption failed: No data extracted from image
2025-05-08 15:45:24,701 - __main__ - INFO - Starting encryption pipeline
2025-05-08 15:45:24,793 - __main__ - INFO - Connected to GPS on /dev/serial0
2025-05-08 15:45:25,350 - __main__ - INFO - Image successfully saved at: secure_image.png
2025-05-08 15:45:25,351 - __main__ - INFO - Starting decryption pipeline
2025-05-08 15:45:25,508 - __main__ - INFO - 
Decryption Results:
2025-05-08 15:45:25,508 - __main__ - INFO - Position Data: {'latitude': 0.0, 'longitude': 0.0, 'timestamp': '2025-05-08T10:15:25.170739'}
2025-05-08 15:45:25,509 - __main__ - INFO - Signature Valid: True
2025-05-08 15:45:25,509 - __main__ - INFO - Decryption Time: 0.1549 seconds
2025-05-08 15:45:25,510 - __main__ - INFO - Total Processing Time: 0.1557 seconds
2025-05-08 15:45:27,058 - __main__ - INFO - ThingSpeak update successful. Entry ID: 5
2025-05-12 10:08:43,900 - __main__ - INFO - Starting encryption pipeline
2025-05-12 10:08:44,329 - __main__ - INFO - Connected to GPS on /dev/serial0
2025-05-12 10:08:45,381 - __main__ - INFO - Image successfully saved at: secure_image.png
2025-05-12 10:08:45,384 - __main__ - INFO - Starting decryption pipeline
2025-05-12 10:08:45,540 - __main__ - INFO - 
Decryption Results:
2025-05-12 10:08:45,542 - __main__ - INFO - Position Data: {'latitude': 0.0, 'longitude': 0.0, 'timestamp': '2025-05-12T04:38:45.053563'}
2025-05-12 10:08:45,543 - __main__ - INFO - Signature Valid: True
2025-05-12 10:08:45,545 - __main__ - INFO - Decryption Time: 0.1528 seconds
2025-05-12 10:08:45,546 - __main__ - INFO - Total Processing Time: 0.1536 seconds
2025-05-12 10:08:46,687 - __main__ - INFO - ThingSpeak update successful. Entry ID: 6
2025-05-12 10:18:56,367 - __main__ - INFO - Starting encryption pipeline
2025-05-12 10:18:56,528 - __main__ - INFO - Connected to GPS on /dev/serial0
2025-05-12 10:18:57,629 - __main__ - INFO - Image successfully saved at: secure_image.png
2025-05-12 10:18:57,642 - __main__ - INFO - Starting decryption pipeline
2025-05-12 10:18:58,215 - __main__ - INFO - 
Decryption Results:
2025-05-12 10:18:58,222 - __main__ - INFO - Position Data: {'latitude': 0.0, 'longitude': 0.0, 'timestamp': '2025-05-12T04:48:57.050752'}
2025-05-12 10:18:58,224 - __main__ - INFO - Signature Valid: True
2025-05-12 10:18:58,226 - __main__ - INFO - Decryption Time: 0.5686 seconds
2025-05-12 10:18:58,227 - __main__ - INFO - Total Processing Time: 0.5707 seconds
2025-05-12 10:38:46,042 - __main__ - INFO - Starting encryption pipeline
2025-05-12 10:38:46,448 - __main__ - INFO - Connected to GPS on /dev/serial0
2025-05-12 10:38:47,483 - __main__ - INFO - Image successfully saved at: secure_image.png
2025-05-12 10:38:47,489 - __main__ - INFO - Starting decryption pipeline
2025-05-12 10:38:48,017 - __main__ - INFO - 
Decryption Results:
2025-05-12 10:38:48,019 - __main__ - INFO - Position Data: {'latitude': 0.0, 'longitude': 0.0, 'timestamp': '2025-05-12T05:08:46.977366'}
2025-05-12 10:38:48,021 - __main__ - INFO - Signature Valid: True
2025-05-12 10:38:48,023 - __main__ - INFO - Decryption Time: 0.5244 seconds
2025-05-12 10:38:48,026 - __main__ - INFO - Total Processing Time: 0.5264 seconds
2025-05-12 10:39:08,073 - __main__ - ERROR - ThingSpeak error: HTTPSConnectionPool(host='api.thingspeak.com', port=443): Max retries exceeded with url: /update (Caused by NameResolutionError("<urllib3.connection.HTTPSConnection object at 0x7f8eb89160>: Failed to resolve 'api.thingspeak.com' ([Errno -3] Temporary failure in name resolution)"))
2025-05-12 10:41:21,294 - __main__ - INFO - Starting encryption pipeline
2025-05-12 10:41:21,599 - __main__ - INFO - Connected to GPS on /dev/serial0
2025-05-12 10:41:22,101 - __main__ - INFO - Image successfully saved at: secure_image.png
2025-05-12 10:41:22,103 - __main__ - INFO - Starting decryption pipeline
2025-05-12 10:41:22,341 - __main__ - INFO - 
Decryption Results:
2025-05-12 10:41:22,344 - __main__ - INFO - Position Data: {'latitude': 0.0, 'longitude': 0.0, 'timestamp': '2025-05-12T05:11:21.940836'}
2025-05-12 10:41:22,346 - __main__ - INFO - Signature Valid: True
2025-05-12 10:41:22,348 - __main__ - INFO - Decryption Time: 0.2347 seconds
2025-05-12 10:41:22,350 - __main__ - INFO - Total Processing Time: 0.2354 seconds
2025-05-12 10:41:27,258 - __main__ - INFO - ThingSpeak update successful. Entry ID: 7
2025-05-12 12:12:16,137 - __main__ - INFO - Starting encryption pipeline
2025-05-12 12:12:16,941 - __main__ - INFO - Connected to GPS on /dev/serial0
2025-05-12 12:12:17,811 - __main__ - INFO - Image successfully saved at: secure_image.png
2025-05-12 12:12:17,817 - __main__ - INFO - Starting decryption pipeline
2025-05-12 12:12:18,258 - __main__ - INFO - 
Decryption Results:
2025-05-12 12:12:18,264 - __main__ - INFO - Position Data: {'latitude': 0.0, 'longitude': 0.0, 'timestamp': '2025-05-12T06:42:17.101333'}
2025-05-12 12:12:18,271 - __main__ - INFO - Signature Valid: True
2025-05-12 12:12:18,277 - __main__ - INFO - Decryption Time: 0.4359 seconds
2025-05-12 12:12:18,280 - __main__ - INFO - Total Processing Time: 0.4383 seconds
2025-05-12 12:12:38,331 - __main__ - ERROR - ThingSpeak error: HTTPSConnectionPool(host='api.thingspeak.com', port=443): Max retries exceeded with url: /update (Caused by NameResolutionError("<urllib3.connection.HTTPSConnection object at 0x7f7f8b1160>: Failed to resolve 'api.thingspeak.com' ([Errno -3] Temporary failure in name resolution)"))
2025-05-12 12:26:33,095 - __main__ - INFO - Starting encryption pipeline
2025-05-12 12:26:33,327 - __main__ - INFO - Connected to GPS on /dev/serial0
2025-05-12 12:26:34,270 - __main__ - INFO - Image successfully saved at: secure_image.png
2025-05-12 12:26:34,272 - __main__ - INFO - Starting decryption pipeline
2025-05-12 12:26:34,421 - __main__ - INFO - 
Decryption Results:
2025-05-12 12:26:34,422 - __main__ - INFO - Position Data: {'latitude': 0.0, 'longitude': 0.0, 'timestamp': '2025-05-12T06:56:34.104870'}
2025-05-12 12:26:34,423 - __main__ - INFO - Signature Valid: True
2025-05-12 12:26:34,423 - __main__ - INFO - Decryption Time: 0.1472 seconds
2025-05-12 12:26:34,424 - __main__ - INFO - Total Processing Time: 0.1479 seconds
2025-05-12 12:26:35,727 - __main__ - INFO - ThingSpeak update successful. Entry ID: 8
2025-05-28 16:12:05,601 - __main__ - INFO - Starting encryption pipeline
2025-05-28 16:12:06,302 - __main__ - INFO - Connected to GPS on /dev/serial0
2025-05-28 16:12:07,292 - __main__ - INFO - Image successfully saved at: secure_image.png
2025-05-28 16:12:07,295 - __main__ - INFO - Starting decryption pipeline
2025-05-28 16:12:07,506 - __main__ - INFO - 
Decryption Results:
2025-05-28 16:12:07,509 - __main__ - INFO - Position Data: {'latitude': 0.0, 'longitude': 0.0, 'timestamp': '2025-05-28T10:42:06.958767'}
2025-05-28 16:12:07,511 - __main__ - INFO - Signature Valid: True
2025-05-28 16:12:07,512 - __main__ - INFO - Decryption Time: 0.2094 seconds
2025-05-28 16:12:07,514 - __main__ - INFO - Total Processing Time: 0.2103 seconds
2025-05-28 16:12:08,325 - __main__ - INFO - ThingSpeak update successful. Entry ID: 9
2025-05-28 16:23:42,764 - __main__ - INFO - Starting encryption pipeline
2025-05-28 16:23:42,878 - __main__ - INFO - Connected to GPS on /dev/serial0
2025-05-28 16:23:44,142 - __main__ - INFO - Image successfully saved at: secure_image.png
2025-05-28 16:23:44,144 - __main__ - INFO - Starting decryption pipeline
2025-05-28 16:23:44,285 - __main__ - INFO - 
Decryption Results:
2025-05-28 16:23:44,286 - __main__ - INFO - Position Data: {'latitude': 0.0, 'longitude': 0.0, 'timestamp': '2025-05-28T10:53:43.960281'}
2025-05-28 16:23:44,287 - __main__ - INFO - Signature Valid: True
2025-05-28 16:23:44,288 - __main__ - INFO - Decryption Time: 0.1388 seconds
2025-05-28 16:23:44,288 - __main__ - INFO - Total Processing Time: 0.1402 seconds
2025-05-28 16:23:45,242 - __main__ - INFO - ThingSpeak update successful. Entry ID: 10
2025-05-28 16:34:29,111 - __main__ - INFO - Starting encryption pipeline
2025-05-28 16:34:29,464 - __main__ - INFO - Connected to GPS on /dev/serial0
2025-05-28 16:34:30,564 - __main__ - INFO - Image successfully saved at: secure_image.png
2025-05-28 16:34:30,566 - __main__ - INFO - Starting decryption pipeline
2025-05-28 16:34:30,711 - __main__ - INFO - 
Decryption Results:
2025-05-28 16:34:30,712 - __main__ - INFO - Position Data: {'latitude': 0.0, 'longitude': 0.0, 'timestamp': '2025-05-28T11:04:30.341003'}
2025-05-28 16:34:30,713 - __main__ - INFO - Signature Valid: True
2025-05-28 16:34:30,713 - __main__ - INFO - Decryption Time: 0.1431 seconds
2025-05-28 16:34:30,714 - __main__ - INFO - Total Processing Time: 0.1437 seconds
2025-05-28 16:34:31,546 - __main__ - INFO - ThingSpeak update successful. Entry ID: 11
